var titleList = document.getElementsByClassName("bloc-header-title small")
for (i = 0; i < titleList.length; ++i) {
    console.log(titleList[i].innerHTML)
}
VM109:3 ACE Management
VM109:3 ADER Méditerranée
VM109:3 ADINVEST INTERNATIONAL
VM109:3 ARDIUM
VM109:3 ASTTRAL
VM109:3 BANQUE POPULAIRE MEDITERRANEE
VM109:3 BARBEGER CONSULTING
VM109:3 BNP Paribas
VM109:3 Cabinet d'avocat JurisBonis
VM109:3 Cabinet Germain Maureau
VM109:3 CDC Biodiversité
VM109:3 CEMATER
VM109:3 CEPRALMAR
VM109:3 Chambre de Commerce et d'Industrie d'Occitanie
VM109:3 Chambre de Commerce et d'Industrie du Var
VM109:3 CIMBETON
VM109:3 Comité Régional des Pêches et des Elevages Marins (CRPEMLER)
VM109:3 COSMED 
VM109:3 CPIE Bassin de Thau
VM109:3 CPIE Bastia Golo Méditerranée U Marinu
VM109:3 DV DEVELOPMENT
VM109:3 ECPY
VM109:3 EVOLEN
VM109:3 EXPIRIS
VM109:3 FMES-FONDATION MEDITERRANEENNE d'ETUDES STRATEGIQUES
VM109:3 France Energie Eolienne
VM109:3 GAC GROUP
VM109:3 GAZ MEDITERRANEE DÉVELOPPEMENT 
VM109:3 GICAN
VM109:3 GRANT THORNTON
VM109:3 IN SPACE
VM109:3 Innovation Développement Environnement Economies
VM109:3 JPI Conseil
VM109:3 Mariteam Services
VM109:3 MERCATOR OCEAN
VM109:3 NOVACHIM/CRITT CHIMIE
VM109:3 Ocean Innovation Tour
VM109:3 OL &amp; DI Consulting
VM109:3 OONO 
VM109:3 OTHIS Formation
VM109:3 Out There
VM109:3 PAIR WORK
VM109:3 Parc National Port Cros
VM109:3 Petra Corsica Patrimonia
VM109:3 PETRA MARITIMA
VM109:3 PLANETE MER
VM109:3 POLE AVENIA
VM109:3 PURE OCEAN
VM109:3 QUINTESSENCE FORMATION
VM109:3 RENAUD-GOUD conseil
VM109:3 RIVAGE
VM109:3 SAFIM
VM109:3 SCP Imavocats/Inglese
VM109:3 SEPTENTRION ENVIRONNEMENT 
VM109:3 SMART LIGHTING ALLIANCE
VM109:3 STARTUPSERVICES
VM109:3 SYSAAF
VM109:3 The Blue Ocean Sailor Company
VM109:3 The Maritime Alliance
VM109:3 The Seasteading Institute
VM109:3 TOPLINK Innovation
VM109:3 UIMM Provence Alpes
VM109:3 Union des Villes Portuaires d'Occitanie
undefined
